yarn run v1.22.5
$ nodemon index.js --exec babel-node --presets @babel/preset-env
[33m[nodemon] 2.0.4[39m
[33m[nodemon] to restart at any time, enter `rs`[39m
[33m[nodemon] watching path(s): *.*[39m
[33m[nodemon] watching extensions: js,mjs,json[39m
[32m[nodemon] starting `babel-node index.js --presets @babel/preset-env`[39m
events.js:292
      throw er; // Unhandled 'error' event
      ^

Error: EBADF: bad file descriptor, read
Emitted 'error' event on ReadStream instance at:
    at internal/fs/streams.js:191:14
    at FSReqCallback.wrapper [as oncomplete] (fs.js:520:5) {
  errno: -9,
  code: 'EBADF',
  syscall: 'read'
}
error Command failed with exit code 1.
info Visit https://yarnpkg.com/en/docs/cli/run for documentation about this command.
events.js:292
      throw er; // Unhandled 'error' event
      ^

Error: listen EADDRINUSE: address already in use :::5000
    at Server.setupListenHandle [as _listen2] (net.js:1313:16)
    at listenInCluster (net.js:1361:12)
    at Server.listen (net.js:1447:7)
    at Function.listen (/home/josue/Documents/Projects/Side-projects/bongalo_test/server/node_modules/express/lib/application.js:618:24)
    at Object.<anonymous> (/home/josue/Documents/Projects/Side-projects/bongalo_test/server/index.js:18:20)
    at Module._compile (internal/modules/cjs/loader.js:1137:30)
    at Module._compile (/home/josue/Documents/Projects/Side-projects/bongalo_test/server/node_modules/pirates/lib/index.js:99:24)
    at Module._extensions..js (internal/modules/cjs/loader.js:1157:10)
    at Object.newLoader [as .js] (/home/josue/Documents/Projects/Side-projects/bongalo_test/server/node_modules/pirates/lib/index.js:104:7)
    at Module.load (internal/modules/cjs/loader.js:985:32)
    at Function.Module._load (internal/modules/cjs/loader.js:878:14)
    at Function.executeUserEntryPoint [as runMain] (internal/modules/run_main.js:71:12)
    at Object.<anonymous> (/home/josue/Documents/Projects/Side-projects/bongalo_test/server/node_modules/@babel/node/lib/_babel-node.js:180:21)
    at Module._compile (internal/modules/cjs/loader.js:1137:30)
    at Object.Module._extensions..js (internal/modules/cjs/loader.js:1157:10)
    at Module.load (internal/modules/cjs/loader.js:985:32)
    at Function.Module._load (internal/modules/cjs/loader.js:878:14)
    at Function.executeUserEntryPoint [as runMain] (internal/modules/run_main.js:71:12)
    at internal/main/run_main_module.js:17:47
Emitted 'error' event on Server instance at:
    at emitErrorNT (net.js:1340:8)
    at processTicksAndRejections (internal/process/task_queues.js:84:21) {
  code: 'EADDRINUSE',
  errno: 'EADDRINUSE',
  syscall: 'listen',
  address: '::',
  port: 5000
}
